[2024-12-06 17:10]Scraper: HCAB
[2024-12-06 17:10]Totalt antal scrapede rækker: 719
[2024-12-06 17:10]Antal nye rækker tilføjet i SQL for HCAB: 15
[2024-12-06 17:10]Cronjob gennemført

[2024-12-06 17:10]Scraper: AARH3
[2024-12-06 17:10]Totalt antal scrapede rækker: 719
[2024-12-06 17:10]Antal nye rækker tilføjet i SQL for AARH3: 15
[2024-12-06 17:10]Cronjob gennemført

[2024-12-06 17:10]Scraper: ANHO
[2024-12-06 17:10]Totalt antal scrapede rækker: 719
[2024-12-06 17:10]Antal nye rækker tilføjet i SQL for ANHO: 15
[2024-12-06 17:10]Cronjob gennemført

[2024-12-06 17:10]Scraper: RISOE
[2024-12-06 17:10]Totalt antal scrapede rækker: 667
[2024-12-06 17:10]Antal nye rækker tilføjet i SQL for RISOE: 15
[2024-12-06 17:10]Cronjob gennemført

[2024-12-06 17:40]Scraper: HCAB
[2024-12-06 17:40]Totalt antal scrapede rækker: 719
[2024-12-06 17:40]Antal nye rækker tilføjet i SQL for HCAB: 1
[2024-12-06 17:40]Cronjob gennemført

[2024-12-06 17:40]Scraper: AARH3
[2024-12-06 17:40]Totalt antal scrapede rækker: 719
[2024-12-06 17:40]Antal nye rækker tilføjet i SQL for AARH3: 1
[2024-12-06 17:40]Cronjob gennemført

[2024-12-06 17:40]Scraper: ANHO
[2024-12-06 17:40]Totalt antal scrapede rækker: 719
[2024-12-06 17:40]Antal nye rækker tilføjet i SQL for ANHO: 1
[2024-12-06 17:40]Cronjob gennemført

[2024-12-06 17:40]Scraper: RISOE
[2024-12-06 17:40]Totalt antal scrapede rækker: 667
[2024-12-06 17:40]Antal nye rækker tilføjet i SQL for RISOE: 1
[2024-12-06 17:40]Cronjob gennemført

